<?xml version="1.0" encoding="UTF-8"?>
<testsuite xmlns:xsi="http://www.w3.org/2001/XMLSchema-instance" xsi:noNamespaceSchemaLocation="https://maven.apache.org/surefire/maven-surefire-plugin/xsd/surefire-test-report.xsd" version="3.0.2" name="com.bankofz.inqcust.api.controller.CustomerInquiryControllerTest" time="1.785" tests="10" errors="0" skipped="0" failures="0">
  <properties>
[...]
</properties>
  <testcase name="invalidCustomerNumberReturnsHttp400" classname="com.bankofz.inqcust.api.controller.CustomerInquiryControllerTest" time="0.114">
    <system-out><![CDATA[11:58:12.622 [main] INFO org.springframework.test.context.support.AnnotationConfigContextLoaderUtils -- Could not detect default configuration classes for test class [com.bankofz.inqcust.api.controller.CustomerInquiryControllerTest]: CustomerInquiryControllerTest does not declare any static, non-private, non-final, nested classes annotated with @Configuration.
11:58:12.727 [main] INFO org.springframework.boot.test.context.SpringBootTestContextBootstrapper -- Found @SpringBootConfiguration com.bankofz.inqcust.api.InqcustApiApplication for test class com.bankofz.inqcust.api.controller.CustomerInquiryControllerTest

  .   ____          _            __ _ _
 /\\ / ___'_ __ _ _(_)_ __  __ _ \ \ \ \
( ( )\___ | '_ | '_| | '_ \/ _` | \ \ \ \
 \\/  ___)| |_)| | | | | || (_| |  ) ) ) )
  '  |____| .__|_| |_|_| |_\__, | / / / /
 =========|_|==============|___/=/_/_/_/

 :: Spring Boot ::                (v3.5.3)

2026-07-09T11:58:12.938-04:00  INFO 10393 --- [inqcust-api] [           main] c.b.i.a.c.CustomerInquiryControllerTest  : Starting CustomerInquiryControllerTest using Java 21.0.10 with PID 10393 (started by suyashkulkarni in /Users/suyashkulkarni/FDM/presentation-demo/MainframeModernization/src/api)
2026-07-09T11:58:12.939-04:00  INFO 10393 --- [inqcust-api] [           main] c.b.i.a.c.CustomerInquiryControllerTest  : No active profile set, falling back to 1 default profile: "default"
2026-07-09T11:58:14.061-04:00  INFO 10393 --- [inqcust-api] [           main] o.s.b.t.m.w.SpringBootMockServletContext : Initializing Spring TestDispatcherServlet ''
2026-07-09T11:58:14.061-04:00  INFO 10393 --- [inqcust-api] [           main] o.s.t.web.servlet.TestDispatcherServlet  : Initializing Servlet ''
2026-07-09T11:58:14.062-04:00  INFO 10393 --- [inqcust-api] [           main] o.s.t.web.servlet.TestDispatcherServlet  : Completed initialization in 1 ms
2026-07-09T11:58:14.086-04:00  INFO 10393 --- [inqcust-api] [           main] c.b.i.a.c.CustomerInquiryControllerTest  : Started CustomerInquiryControllerTest in 1.324 seconds (process running for 1.898)
]]></system-out>
    <system-err><![CDATA[Mockito is currently self-attaching to enable the inline-mock-maker. This will no longer work in future releases of the JDK. Please add Mockito as an agent to your build as described in Mockito's documentation: https://javadoc.io/doc/org.mockito/mockito-core/latest/org.mockito/org/mockito/Mockito.html#0.3
WARNING: A Java agent has been loaded dynamically (/Users/suyashkulkarni/.m2/repository/net/bytebuddy/byte-buddy-agent/1.17.6/byte-buddy-agent-1.17.6.jar)
WARNING: If a serviceability tool is in use, please run with -XX:+EnableDynamicAgentLoading to hide this warning
WARNING: If a serviceability tool is not in use, please run with -Djdk.instrument.traceUsage for more information
WARNING: Dynamic loading of agents will be disallowed by default in a future release
]]></system-err>
  </testcase>
  <testcase name="invalidSortCodeReturnsHttp400" classname="com.bankofz.inqcust.api.controller.CustomerInquiryControllerTest" time="0.006"/>
  <testcase name="randomRequestReturns404WhenServiceCannotFindCustomer" classname="com.bankofz.inqcust.api.controller.CustomerInquiryControllerTest" time="0.032"/>
  <testcase name="validRequestReturnsHttp200" classname="com.bankofz.inqcust.api.controller.CustomerInquiryControllerTest" time="0.014"/>
  <testcase name="randomRequestReturns200WhenServiceFindsCustomer" classname="com.bankofz.inqcust.api.controller.CustomerInquiryControllerTest" time="0.006"/>
  <testcase name="latestRequestReturnsHttp200" classname="com.bankofz.inqcust.api.controller.CustomerInquiryControllerTest" time="0.004"/>
  <testcase name="serviceExceptionReturnsHttp500" classname="com.bankofz.inqcust.api.controller.CustomerInquiryControllerTest" time="0.005"/>
  <testcase name="lowCreditScoreReturnsHighRiskInApiResponse" classname="com.bankofz.inqcust.api.controller.CustomerInquiryControllerTest" time="0.004"/>
  <testcase name="suspendedCustomerReturnsHighRiskInApiResponse" classname="com.bankofz.inqcust.api.controller.CustomerInquiryControllerTest" time="0.005"/>
  <testcase name="notFoundReturnsHttp404" classname="com.bankofz.inqcust.api.controller.CustomerInquiryControllerTest" time="0.009"/>
</testsuite>