<?xml version="1.0" encoding="UTF-8"?>
<testsuite xmlns:xsi="http://www.w3.org/2001/XMLSchema-instance" xsi:noNamespaceSchemaLocation="https://maven.apache.org/surefire/maven-surefire-plugin/xsd/surefire-test-report.xsd" version="3.0.2" name="com.bankofz.inqcust.api.controller.CustomerInquiryControllerTest" time="2.573" tests="8" errors="0" skipped="0" failures="0">
  <properties>
[...]
</properties>
  <testcase name="invalidCustomerNumberReturnsHttp400" classname="com.bankofz.inqcust.api.controller.CustomerInquiryControllerTest" time="0.224">
    <system-out><![CDATA[16:30:05.706 [main] INFO org.springframework.test.context.support.AnnotationConfigContextLoaderUtils -- Could not detect default configuration classes for test class [com.bankofz.inqcust.api.controller.CustomerInquiryControllerTest]: CustomerInquiryControllerTest does not declare any static, non-private, non-final, nested classes annotated with @Configuration.
16:30:05.838 [main] INFO org.springframework.boot.test.context.SpringBootTestContextBootstrapper -- Found @SpringBootConfiguration com.bankofz.inqcust.api.InqcustApiApplication for test class com.bankofz.inqcust.api.controller.CustomerInquiryControllerTest

  .   ____          _            __ _ _
 /\\ / ___'_ __ _ _(_)_ __  __ _ \ \ \ \
( ( )\___ | '_ | '_| | '_ \/ _` | \ \ \ \
 \\/  ___)| |_)| | | | | || (_| |  ) ) ) )
  '  |____| .__|_| |_|_| |_\__, | / / / /
 =========|_|==============|___/=/_/_/_/

 :: Spring Boot ::                (v3.5.3)

2026-07-08T16:30:06.246-04:00  INFO 30960 --- [inqcust-api] [           main] c.b.i.a.c.CustomerInquiryControllerTest  : Starting CustomerInquiryControllerTest using Java 25.0.2 with PID 30960 (started by Alex in C:\Users\Alex\data\fdm\spec_driven_development_pod\modernization_project\MainframeModernization\src\api)
2026-07-08T16:30:06.248-04:00  INFO 30960 --- [inqcust-api] [           main] c.b.i.a.c.CustomerInquiryControllerTest  : No active profile set, falling back to 1 default profile: "default"
2026-07-08T16:30:07.799-04:00  INFO 30960 --- [inqcust-api] [           main] o.s.b.t.m.w.SpringBootMockServletContext : Initializing Spring TestDispatcherServlet ''
2026-07-08T16:30:07.799-04:00  INFO 30960 --- [inqcust-api] [           main] o.s.t.web.servlet.TestDispatcherServlet  : Initializing Servlet ''
2026-07-08T16:30:07.801-04:00  INFO 30960 --- [inqcust-api] [           main] o.s.t.web.servlet.TestDispatcherServlet  : Completed initialization in 1 ms
2026-07-08T16:30:07.831-04:00  INFO 30960 --- [inqcust-api] [           main] c.b.i.a.c.CustomerInquiryControllerTest  : Started CustomerInquiryControllerTest in 1.946 seconds (process running for 2.66)
]]></system-out>
    <system-err><![CDATA[Mockito is currently self-attaching to enable the inline-mock-maker. This will no longer work in future releases of the JDK. Please add Mockito as an agent to your build as described in Mockito's documentation: https://javadoc.io/doc/org.mockito/mockito-core/latest/org.mockito/org/mockito/Mockito.html#0.3
WARNING: A Java agent has been loaded dynamically (C:\Users\Alex\.m2\repository\net\bytebuddy\byte-buddy-agent\1.17.6\byte-buddy-agent-1.17.6.jar)
WARNING: If a serviceability tool is in use, please run with -XX:+EnableDynamicAgentLoading to hide this warning
WARNING: If a serviceability tool is not in use, please run with -Djdk.instrument.traceUsage for more information
WARNING: Dynamic loading of agents will be disallowed by default in a future release
]]></system-err>
  </testcase>
  <testcase name="invalidSortCodeReturnsHttp400" classname="com.bankofz.inqcust.api.controller.CustomerInquiryControllerTest" time="0.005"/>
  <testcase name="randomRequestReturns404WhenServiceCannotFindCustomer" classname="com.bankofz.inqcust.api.controller.CustomerInquiryControllerTest" time="0.051"/>
  <testcase name="validRequestReturnsHttp200" classname="com.bankofz.inqcust.api.controller.CustomerInquiryControllerTest" time="0.009"/>
  <testcase name="randomRequestReturns200WhenServiceFindsCustomer" classname="com.bankofz.inqcust.api.controller.CustomerInquiryControllerTest" time="0.006"/>
  <testcase name="latestRequestReturnsHttp200" classname="com.bankofz.inqcust.api.controller.CustomerInquiryControllerTest" time="0.003"/>
  <testcase name="serviceExceptionReturnsHttp500" classname="com.bankofz.inqcust.api.controller.CustomerInquiryControllerTest" time="0.01"/>
  <testcase name="notFoundReturnsHttp404" classname="com.bankofz.inqcust.api.controller.CustomerInquiryControllerTest" time="0.004"/>
</testsuite>